<?xml version="1.0" encoding="UTF-8"?>
<testng-results skipped="0" failed="0" ignored="0" total="2" passed="2">
  <reporter-output>
  </reporter-output>
  <suite name="Default suite" duration-ms="451" started-at="2020-05-26T06:15:04Z" finished-at="2020-05-26T06:15:05Z">
    <groups>
    </groups>
    <test name="Default test" duration-ms="451" started-at="2020-05-26T06:15:04Z" finished-at="2020-05-26T06:15:05Z">
      <class name="Practice.AllAnnotations">
        <test-method status="PASS" signature="beforeSuite()[pri:0, instance:Practice.AllAnnotations@548b7f67]" name="beforeSuite" is-config="true" duration-ms="77" started-at="2020-05-26T11:45:04Z" finished-at="2020-05-26T11:45:04Z">
          <reporter-output>
          </reporter-output>
        </test-method> <!-- beforeSuite -->
        <test-method status="PASS" signature="beforeTest()[pri:0, instance:Practice.AllAnnotations@548b7f67]" name="beforeTest" is-config="true" duration-ms="0" started-at="2020-05-26T11:45:04Z" finished-at="2020-05-26T11:45:04Z">
          <reporter-output>
          </reporter-output>
        </test-method> <!-- beforeTest -->
        <test-method status="PASS" signature="beforeClass()[pri:0, instance:Practice.AllAnnotations@548b7f67]" name="beforeClass" is-config="true" duration-ms="1" started-at="2020-05-26T11:45:04Z" finished-at="2020-05-26T11:45:04Z">
          <reporter-output>
          </reporter-output>
        </test-method> <!-- beforeClass -->
        <test-method status="PASS" signature="beforeMethod()[pri:0, instance:Practice.AllAnnotations@548b7f67]" name="beforeMethod" is-config="true" duration-ms="1" started-at="2020-05-26T11:45:05Z" finished-at="2020-05-26T11:45:05Z">
          <reporter-output>
          </reporter-output>
        </test-method> <!-- beforeMethod -->
        <test-method status="PASS" signature="test1()[pri:0, instance:Practice.AllAnnotations@548b7f67]" name="test1" duration-ms="15" started-at="2020-05-26T11:45:05Z" finished-at="2020-05-26T11:45:05Z">
          <reporter-output>
          </reporter-output>
        </test-method> <!-- test1 -->
        <test-method status="PASS" signature="afterMethod()[pri:0, instance:Practice.AllAnnotations@548b7f67]" name="afterMethod" is-config="true" duration-ms="1" started-at="2020-05-26T11:45:05Z" finished-at="2020-05-26T11:45:05Z">
          <reporter-output>
          </reporter-output>
        </test-method> <!-- afterMethod -->
        <test-method status="PASS" signature="beforeMethod()[pri:0, instance:Practice.AllAnnotations@548b7f67]" name="beforeMethod" is-config="true" duration-ms="1" started-at="2020-05-26T11:45:05Z" finished-at="2020-05-26T11:45:05Z">
          <reporter-output>
          </reporter-output>
        </test-method> <!-- beforeMethod -->
        <test-method status="PASS" signature="test2()[pri:0, instance:Practice.AllAnnotations@548b7f67]" name="test2" duration-ms="3" started-at="2020-05-26T11:45:05Z" finished-at="2020-05-26T11:45:05Z">
          <reporter-output>
          </reporter-output>
        </test-method> <!-- test2 -->
        <test-method status="PASS" signature="afterMethod()[pri:0, instance:Practice.AllAnnotations@548b7f67]" name="afterMethod" is-config="true" duration-ms="1" started-at="2020-05-26T11:45:05Z" finished-at="2020-05-26T11:45:05Z">
          <reporter-output>
          </reporter-output>
        </test-method> <!-- afterMethod -->
        <test-method status="PASS" signature="afterClass()[pri:0, instance:Practice.AllAnnotations@548b7f67]" name="afterClass" is-config="true" duration-ms="0" started-at="2020-05-26T11:45:05Z" finished-at="2020-05-26T11:45:05Z">
          <reporter-output>
          </reporter-output>
        </test-method> <!-- afterClass -->
        <test-method status="PASS" signature="afterTest()[pri:0, instance:Practice.AllAnnotations@548b7f67]" name="afterTest" is-config="true" duration-ms="0" started-at="2020-05-26T11:45:05Z" finished-at="2020-05-26T11:45:05Z">
          <reporter-output>
          </reporter-output>
        </test-method> <!-- afterTest -->
        <test-method status="PASS" signature="afterSuite()[pri:0, instance:Practice.AllAnnotations@548b7f67]" name="afterSuite" is-config="true" duration-ms="0" started-at="2020-05-26T11:45:06Z" finished-at="2020-05-26T11:45:06Z">
          <reporter-output>
          </reporter-output>
        </test-method> <!-- afterSuite -->
      </class> <!-- Practice.AllAnnotations -->
    </test> <!-- Default test -->
  </suite> <!-- Default suite -->
</testng-results>
